[0313/164542.915:ERROR:prune_crash_reports.cc(35)] PruneCrashReportDatabase: Failed to get pending reports
[0313/192539.822:ERROR:prune_crash_reports.cc(35)] PruneCrashReportDatabase: Failed to get pending reports
[0318/165641.126:ERROR:prune_crash_reports.cc(35)] PruneCrashReportDatabase: Failed to get pending reports
[0319/103624.533:ERROR:prune_crash_reports.cc(35)] PruneCrashReportDatabase: Failed to get pending reports
[0326/123854.937:ERROR:prune_crash_reports.cc(35)] PruneCrashReportDatabase: Failed to get pending reports
[0401/111518.349:ERROR:process_info.cc(359)] UncheckedAllocate
[0401/111518.418:ERROR:process_info.cc(359)] UncheckedAllocate
[0401/114947.547:ERROR:filesystem_win.cc(148)] DeleteFile C:\Users\Admin\AppData\Local\Temp\scoped_dir67444_2128088256\Crashpad\reports\e670b9f5-5def-4517-951a-12e89e7b7cda.dmp: The process cannot access the file because it is being used by another process. (0x20)
[0504/173827.404:ERROR:prune_crash_reports.cc(35)] PruneCrashReportDatabase: Failed to get pending reports
[0511/121247.998:ERROR:process_reader_win.cc(151)] SuspendThread: Access is denied. (0x5)
[0511/121247.998:ERROR:process_reader_win.cc(151)] SuspendThread: Access is denied. (0x5)
[0511/121248.013:ERROR:process_reader_win.cc(151)] SuspendThread: Access is denied. (0x5)
[0511/121248.013:ERROR:process_reader_win.cc(123)] NtOpenThread: {Access Denied} A process has requested access to an object, but has not been granted those access rights. (0xc0000022)
[0511/121248.013:ERROR:process_reader_win.cc(123)] NtOpenThread: {Access Denied} A process has requested access to an object, but has not been granted those access rights. (0xc0000022)
[0511/121248.013:ERROR:exception_snapshot_win.cc(98)] thread ID 36948 not found in process
[0511/121248.013:ERROR:exception_snapshot_win.cc(98)] thread ID 30272 not found in process
[0520/145741.470:ERROR:process_reader_win.cc(151)] SuspendThread: Access is denied. (0x5)
[0520/145741.474:ERROR:process_reader_win.cc(151)] SuspendThread: Access is denied. (0x5)
[0520/145741.474:ERROR:process_reader_win.cc(151)] SuspendThread: Access is denied. (0x5)
[0520/145741.474:ERROR:process_reader_win.cc(151)] SuspendThread: Access is denied. (0x5)
[0520/145741.474:ERROR:process_reader_win.cc(151)] SuspendThread: Access is denied. (0x5)
[0520/145741.474:ERROR:process_reader_win.cc(151)] SuspendThread: Access is denied. (0x5)
[0520/145741.474:ERROR:process_reader_win.cc(151)] SuspendThread: Access is denied. (0x5)
[0520/145741.474:ERROR:process_reader_win.cc(151)] SuspendThread: Access is denied. (0x5)
[0520/145741.474:ERROR:process_reader_win.cc(151)] SuspendThread: Access is denied. (0x5)
[0520/145741.474:ERROR:process_reader_win.cc(151)] SuspendThread: Access is denied. (0x5)
[0520/145741.474:ERROR:process_reader_win.cc(151)] SuspendThread: Access is denied. (0x5)
[0520/145741.474:ERROR:process_reader_win.cc(151)] SuspendThread: Access is denied. (0x5)
[0520/145741.474:ERROR:process_reader_win.cc(151)] SuspendThread: Access is denied. (0x5)
[0520/145741.474:ERROR:process_reader_win.cc(151)] SuspendThread: Access is denied. (0x5)
[0520/145741.474:ERROR:process_reader_win.cc(123)] NtOpenThread: {Access Denied} A process has requested access to an object, but has not been granted those access rights. (0xc0000022)
[0520/145741.474:ERROR:exception_snapshot_win.cc(98)] thread ID 34748 not found in process
[0520/145741.494:ERROR:process_reader_win.cc(151)] SuspendThread: Access is denied. (0x5)
[0520/145741.498:ERROR:process_reader_win.cc(151)] SuspendThread: Access is denied. (0x5)
[0520/145741.498:ERROR:process_reader_win.cc(151)] SuspendThread: Access is denied. (0x5)
[0520/145741.498:ERROR:process_reader_win.cc(151)] SuspendThread: Access is denied. (0x5)
[0520/145741.498:ERROR:process_reader_win.cc(151)] SuspendThread: Access is denied. (0x5)
[0520/145741.498:ERROR:process_reader_win.cc(151)] SuspendThread: Access is denied. (0x5)
[0520/145741.498:ERROR:process_reader_win.cc(151)] SuspendThread: Access is denied. (0x5)
[0520/145741.498:ERROR:process_reader_win.cc(151)] SuspendThread: Access is denied. (0x5)
[0520/145741.498:ERROR:process_reader_win.cc(151)] SuspendThread: Access is denied. (0x5)
[0520/145741.498:ERROR:process_reader_win.cc(151)] SuspendThread: Access is denied. (0x5)
[0520/145741.498:ERROR:process_reader_win.cc(151)] SuspendThread: Access is denied. (0x5)
[0520/145741.498:ERROR:process_reader_win.cc(151)] SuspendThread: Access is denied. (0x5)
[0520/145741.498:ERROR:process_reader_win.cc(123)] NtOpenThread: {Access Denied} A process has requested access to an object, but has not been granted those access rights. (0xc0000022)
[0520/145741.498:ERROR:exception_snapshot_win.cc(98)] thread ID 12776 not found in process
[0520/145741.518:ERROR:process_reader_win.cc(151)] SuspendThread: Access is denied. (0x5)
[0520/145741.518:ERROR:process_reader_win.cc(151)] SuspendThread: Access is denied. (0x5)
[0520/145741.518:ERROR:process_reader_win.cc(151)] SuspendThread: Access is denied. (0x5)
[0520/145741.518:ERROR:process_reader_win.cc(151)] SuspendThread: Access is denied. (0x5)
[0520/145741.518:ERROR:process_reader_win.cc(151)] SuspendThread: Access is denied. (0x5)
[0520/145741.518:ERROR:process_reader_win.cc(151)] SuspendThread: Access is denied. (0x5)
[0520/145741.518:ERROR:process_reader_win.cc(151)] SuspendThread: Access is denied. (0x5)
[0520/145741.518:ERROR:process_reader_win.cc(151)] SuspendThread: Access is denied. (0x5)
[0520/145741.518:ERROR:process_reader_win.cc(151)] SuspendThread: Access is denied. (0x5)
[0520/145741.518:ERROR:process_reader_win.cc(151)] SuspendThread: Access is denied. (0x5)
[0520/145741.518:ERROR:process_reader_win.cc(151)] SuspendThread: Access is denied. (0x5)
[0520/145741.518:ERROR:process_reader_win.cc(151)] SuspendThread: Access is denied. (0x5)
[0520/145741.518:ERROR:process_reader_win.cc(151)] SuspendThread: Access is denied. (0x5)
[0520/145741.518:ERROR:process_reader_win.cc(123)] NtOpenThread: {Access Denied} A process has requested access to an object, but has not been granted those access rights. (0xc0000022)
[0520/145741.518:ERROR:exception_snapshot_win.cc(98)] thread ID 12344 not found in process
[0520/145741.542:ERROR:process_reader_win.cc(151)] SuspendThread: Access is denied. (0x5)
[0520/145741.542:ERROR:process_reader_win.cc(151)] SuspendThread: Access is denied. (0x5)
[0520/145741.542:ERROR:process_reader_win.cc(151)] SuspendThread: Access is denied. (0x5)
[0520/145741.542:ERROR:process_reader_win.cc(151)] SuspendThread: Access is denied. (0x5)
[0520/145741.542:ERROR:process_reader_win.cc(151)] SuspendThread: Access is denied. (0x5)
[0520/145741.542:ERROR:process_reader_win.cc(151)] SuspendThread: Access is denied. (0x5)
[0520/145741.542:ERROR:process_reader_win.cc(151)] SuspendThread: Access is denied. (0x5)
[0520/145741.542:ERROR:process_reader_win.cc(151)] SuspendThread: Access is denied. (0x5)
[0520/145741.542:ERROR:process_reader_win.cc(151)] SuspendThread: Access is denied. (0x5)
[0520/145741.542:ERROR:process_reader_win.cc(151)] SuspendThread: Access is denied. (0x5)
[0520/145741.542:ERROR:process_reader_win.cc(151)] SuspendThread: Access is denied. (0x5)
[0520/145741.542:ERROR:process_reader_win.cc(151)] SuspendThread: Access is denied. (0x5)
[0520/145741.542:ERROR:process_reader_win.cc(151)] SuspendThread: Access is denied. (0x5)
[0520/145741.542:ERROR:process_reader_win.cc(123)] NtOpenThread: {Access Denied} A process has requested access to an object, but has not been granted those access rights. (0xc0000022)
[0520/145741.542:ERROR:exception_snapshot_win.cc(98)] thread ID 2412 not found in process
[0520/145741.566:ERROR:process_reader_win.cc(151)] SuspendThread: Access is denied. (0x5)
[0520/145741.566:ERROR:process_reader_win.cc(151)] SuspendThread: Access is denied. (0x5)
[0520/145741.566:ERROR:process_reader_win.cc(151)] SuspendThread: Access is denied. (0x5)
[0520/145741.566:ERROR:process_reader_win.cc(151)] SuspendThread: Access is denied. (0x5)
[0520/145741.566:ERROR:process_reader_win.cc(151)] SuspendThread: Access is denied. (0x5)
[0520/145741.566:ERROR:process_reader_win.cc(151)] SuspendThread: Access is denied. (0x5)
[0520/145741.566:ERROR:process_reader_win.cc(151)] SuspendThread: Access is denied. (0x5)
[0520/145741.566:ERROR:process_reader_win.cc(151)] SuspendThread: Access is denied. (0x5)
[0520/145741.566:ERROR:process_reader_win.cc(151)] SuspendThread: Access is denied. (0x5)
[0520/145741.566:ERROR:process_reader_win.cc(151)] SuspendThread: Access is denied. (0x5)
[0520/145741.566:ERROR:process_reader_win.cc(151)] SuspendThread: Access is denied. (0x5)
[0520/145741.566:ERROR:process_reader_win.cc(151)] SuspendThread: Access is denied. (0x5)
[0520/145741.566:ERROR:process_reader_win.cc(151)] SuspendThread: Access is denied. (0x5)
[0520/145741.566:ERROR:process_reader_win.cc(151)] SuspendThread: Access is denied. (0x5)
[0520/145741.566:ERROR:process_reader_win.cc(151)] SuspendThread: Access is denied. (0x5)
[0520/145741.566:ERROR:process_reader_win.cc(151)] SuspendThread: Access is denied. (0x5)
[0520/145741.566:ERROR:process_reader_win.cc(151)] SuspendThread: Access is denied. (0x5)
[0520/145741.566:ERROR:process_reader_win.cc(151)] SuspendThread: Access is denied. (0x5)
[0520/145741.566:ERROR:process_reader_win.cc(123)] NtOpenThread: {Access Denied} A process has requested access to an object, but has not been granted those access rights. (0xc0000022)
[0520/145741.566:ERROR:exception_snapshot_win.cc(98)] thread ID 29136 not found in process
[0520/145741.594:ERROR:process_reader_win.cc(151)] SuspendThread: Access is denied. (0x5)
[0520/145741.594:ERROR:process_reader_win.cc(151)] SuspendThread: Access is denied. (0x5)
[0520/145741.594:ERROR:process_reader_win.cc(151)] SuspendThread: Access is denied. (0x5)
[0520/145741.594:ERROR:process_reader_win.cc(151)] SuspendThread: Access is denied. (0x5)
[0520/145741.594:ERROR:process_reader_win.cc(151)] SuspendThread: Access is denied. (0x5)
[0520/145741.594:ERROR:process_reader_win.cc(151)] SuspendThread: Access is denied. (0x5)
[0520/145741.594:ERROR:process_reader_win.cc(151)] SuspendThread: Access is denied. (0x5)
[0520/145741.594:ERROR:process_reader_win.cc(151)] SuspendThread: Access is denied. (0x5)
[0520/145741.594:ERROR:process_reader_win.cc(151)] SuspendThread: Access is denied. (0x5)
[0520/145741.594:ERROR:process_reader_win.cc(151)] SuspendThread: Access is denied. (0x5)
[0520/145741.594:ERROR:process_reader_win.cc(151)] SuspendThread: Access is denied. (0x5)
[0520/145741.594:ERROR:process_reader_win.cc(151)] SuspendThread: Access is denied. (0x5)
[0520/145741.594:ERROR:process_reader_win.cc(123)] NtOpenThread: {Access Denied} A process has requested access to an object, but has not been granted those access rights. (0xc0000022)
[0520/145741.594:ERROR:exception_snapshot_win.cc(98)] thread ID 37408 not found in process
[0520/145741.626:ERROR:process_reader_win.cc(151)] SuspendThread: Access is denied. (0x5)
[0520/145741.626:ERROR:process_reader_win.cc(151)] SuspendThread: Access is denied. (0x5)
[0520/145741.626:ERROR:process_reader_win.cc(151)] SuspendThread: Access is denied. (0x5)
[0520/145741.626:ERROR:process_reader_win.cc(151)] SuspendThread: Access is denied. (0x5)
[0520/145741.626:ERROR:process_reader_win.cc(151)] SuspendThread: Access is denied. (0x5)
[0520/145741.626:ERROR:process_reader_win.cc(151)] SuspendThread: Access is denied. (0x5)
[0520/145741.626:ERROR:process_reader_win.cc(151)] SuspendThread: Access is denied. (0x5)
[0520/145741.626:ERROR:process_reader_win.cc(151)] SuspendThread: Access is denied. (0x5)
[0520/145741.626:ERROR:process_reader_win.cc(151)] SuspendThread: Access is denied. (0x5)
[0520/145741.626:ERROR:process_reader_win.cc(151)] SuspendThread: Access is denied. (0x5)
[0520/145741.626:ERROR:process_reader_win.cc(151)] SuspendThread: Access is denied. (0x5)
[0520/145741.626:ERROR:process_reader_win.cc(151)] SuspendThread: Access is denied. (0x5)
[0520/145741.626:ERROR:process_reader_win.cc(123)] NtOpenThread: {Access Denied} A process has requested access to an object, but has not been granted those access rights. (0xc0000022)
[0520/145741.626:ERROR:exception_snapshot_win.cc(98)] thread ID 36036 not found in process
[0520/145741.634:ERROR:process_reader_win.cc(151)] SuspendThread: Access is denied. (0x5)
[0520/145741.634:ERROR:process_reader_win.cc(151)] SuspendThread: Access is denied. (0x5)
[0520/145741.634:ERROR:process_reader_win.cc(151)] SuspendThread: Access is denied. (0x5)
[0520/145741.634:ERROR:process_reader_win.cc(151)] SuspendThread: Access is denied. (0x5)
[0520/145741.634:ERROR:process_reader_win.cc(151)] SuspendThread: Access is denied. (0x5)
[0520/145741.634:ERROR:process_reader_win.cc(151)] SuspendThread: Access is denied. (0x5)
[0520/145741.634:ERROR:process_reader_win.cc(151)] SuspendThread: Access is denied. (0x5)
[0520/145741.634:ERROR:process_reader_win.cc(151)] SuspendThread: Access is denied. (0x5)
[0520/145741.634:ERROR:process_reader_win.cc(151)] SuspendThread: Access is denied. (0x5)
[0520/145741.634:ERROR:process_reader_win.cc(151)] SuspendThread: Access is denied. (0x5)
[0520/145741.634:ERROR:process_reader_win.cc(151)] SuspendThread: Access is denied. (0x5)
[0520/145741.634:ERROR:process_reader_win.cc(151)] SuspendThread: Access is denied. (0x5)
[0520/145741.634:ERROR:process_reader_win.cc(151)] SuspendThread: Access is denied. (0x5)
[0520/145741.634:ERROR:process_reader_win.cc(123)] NtOpenThread: {Access Denied} A process has requested access to an object, but has not been granted those access rights. (0xc0000022)
[0520/145741.634:ERROR:exception_snapshot_win.cc(98)] thread ID 21744 not found in process
[0520/145741.674:ERROR:process_reader_win.cc(151)] SuspendThread: Access is denied. (0x5)
[0520/145741.674:ERROR:process_reader_win.cc(151)] SuspendThread: Access is denied. (0x5)
[0520/145741.674:ERROR:process_reader_win.cc(151)] SuspendThread: Access is denied. (0x5)
[0520/145741.674:ERROR:process_reader_win.cc(151)] SuspendThread: Access is denied. (0x5)
[0520/145741.678:ERROR:process_reader_win.cc(151)] SuspendThread: Access is denied. (0x5)
[0520/145741.678:ERROR:process_reader_win.cc(151)] SuspendThread: Access is denied. (0x5)
[0520/145741.678:ERROR:process_reader_win.cc(151)] SuspendThread: Access is denied. (0x5)
[0520/145741.678:ERROR:process_reader_win.cc(151)] SuspendThread: Access is denied. (0x5)
[0520/145741.678:ERROR:process_reader_win.cc(151)] SuspendThread: Access is denied. (0x5)
[0520/145741.678:ERROR:process_reader_win.cc(151)] SuspendThread: Access is denied. (0x5)
[0520/145741.678:ERROR:process_reader_win.cc(151)] SuspendThread: Access is denied. (0x5)
[0520/145741.678:ERROR:process_reader_win.cc(151)] SuspendThread: Access is denied. (0x5)
[0520/145741.678:ERROR:process_reader_win.cc(151)] SuspendThread: Access is denied. (0x5)
[0520/145741.678:ERROR:process_reader_win.cc(151)] SuspendThread: Access is denied. (0x5)
[0520/145741.678:ERROR:process_reader_win.cc(151)] SuspendThread: Access is denied. (0x5)
[0520/145741.678:ERROR:process_reader_win.cc(151)] SuspendThread: Access is denied. (0x5)
[0520/145741.678:ERROR:process_reader_win.cc(151)] SuspendThread: Access is denied. (0x5)
[0520/145741.678:ERROR:process_reader_win.cc(123)] NtOpenThread: {Access Denied} A process has requested access to an object, but has not been granted those access rights. (0xc0000022)
[0520/145741.678:ERROR:exception_snapshot_win.cc(98)] thread ID 44456 not found in process
[0520/145741.682:ERROR:process_reader_win.cc(151)] SuspendThread: Access is denied. (0x5)
[0520/145741.682:ERROR:process_reader_win.cc(151)] SuspendThread: Access is denied. (0x5)
[0520/145741.682:ERROR:process_reader_win.cc(151)] SuspendThread: Access is denied. (0x5)
[0520/145741.682:ERROR:process_reader_win.cc(151)] SuspendThread: Access is denied. (0x5)
[0520/145741.682:ERROR:process_reader_win.cc(151)] SuspendThread: Access is denied. (0x5)
[0520/145741.682:ERROR:process_reader_win.cc(151)] SuspendThread: Access is denied. (0x5)
[0520/145741.682:ERROR:process_reader_win.cc(151)] SuspendThread: Access is denied. (0x5)
[0520/145741.682:ERROR:process_reader_win.cc(151)] SuspendThread: Access is denied. (0x5)
[0520/145741.682:ERROR:process_reader_win.cc(151)] SuspendThread: Access is denied. (0x5)
[0520/145741.682:ERROR:process_reader_win.cc(151)] SuspendThread: Access is denied. (0x5)
[0520/145741.682:ERROR:process_reader_win.cc(151)] SuspendThread: Access is denied. (0x5)
[0520/145741.682:ERROR:process_reader_win.cc(151)] SuspendThread: Access is denied. (0x5)
[0520/145741.682:ERROR:process_reader_win.cc(151)] SuspendThread: Access is denied. (0x5)
[0520/145741.682:ERROR:process_reader_win.cc(123)] NtOpenThread: {Access Denied} A process has requested access to an object, but has not been granted those access rights. (0xc0000022)
[0520/145741.682:ERROR:exception_snapshot_win.cc(98)] thread ID 40136 not found in process
[0520/145741.706:ERROR:process_reader_win.cc(151)] SuspendThread: Access is denied. (0x5)
[0520/145741.706:ERROR:process_reader_win.cc(151)] SuspendThread: Access is denied. (0x5)
[0520/145741.706:ERROR:process_reader_win.cc(151)] SuspendThread: Access is denied. (0x5)
[0520/145741.706:ERROR:process_reader_win.cc(151)] SuspendThread: Access is denied. (0x5)
[0520/145741.706:ERROR:process_reader_win.cc(151)] SuspendThread: Access is denied. (0x5)
[0520/145741.706:ERROR:process_reader_win.cc(151)] SuspendThread: Access is denied. (0x5)
[0520/145741.706:ERROR:process_reader_win.cc(151)] SuspendThread: Access is denied. (0x5)
[0520/145741.706:ERROR:process_reader_win.cc(151)] SuspendThread: Access is denied. (0x5)
[0520/145741.706:ERROR:process_reader_win.cc(151)] SuspendThread: Access is denied. (0x5)
[0520/145741.706:ERROR:process_reader_win.cc(151)] SuspendThread: Access is denied. (0x5)
[0520/145741.706:ERROR:process_reader_win.cc(151)] SuspendThread: Access is denied. (0x5)
[0520/145741.706:ERROR:process_reader_win.cc(151)] SuspendThread: Access is denied. (0x5)
[0520/145741.706:ERROR:process_reader_win.cc(151)] SuspendThread: Access is denied. (0x5)
[0520/145741.706:ERROR:process_reader_win.cc(151)] SuspendThread: Access is denied. (0x5)
[0520/145741.706:ERROR:process_reader_win.cc(151)] SuspendThread: Access is denied. (0x5)
[0520/145741.706:ERROR:process_reader_win.cc(151)] SuspendThread: Access is denied. (0x5)
[0520/145741.706:ERROR:process_reader_win.cc(151)] SuspendThread: Access is denied. (0x5)
[0520/145741.706:ERROR:process_reader_win.cc(123)] NtOpenThread: {Access Denied} A process has requested access to an object, but has not been granted those access rights. (0xc0000022)
[0520/145741.706:ERROR:exception_snapshot_win.cc(98)] thread ID 48432 not found in process
[0520/145741.718:ERROR:process_reader_win.cc(151)] SuspendThread: Access is denied. (0x5)
[0520/145741.718:ERROR:process_reader_win.cc(151)] SuspendThread: Access is denied. (0x5)
[0520/145741.718:ERROR:process_reader_win.cc(151)] SuspendThread: Access is denied. (0x5)
[0520/145741.718:ERROR:process_reader_win.cc(151)] SuspendThread: Access is denied. (0x5)
[0520/145741.718:ERROR:process_reader_win.cc(151)] SuspendThread: Access is denied. (0x5)
[0520/145741.718:ERROR:process_reader_win.cc(151)] SuspendThread: Access is denied. (0x5)
[0520/145741.718:ERROR:process_reader_win.cc(151)] SuspendThread: Access is denied. (0x5)
[0520/145741.718:ERROR:process_reader_win.cc(151)] SuspendThread: Access is denied. (0x5)
[0520/145741.718:ERROR:process_reader_win.cc(151)] SuspendThread: Access is denied. (0x5)
[0520/145741.718:ERROR:process_reader_win.cc(151)] SuspendThread: Access is denied. (0x5)
[0520/145741.718:ERROR:process_reader_win.cc(151)] SuspendThread: Access is denied. (0x5)
[0520/145741.718:ERROR:process_reader_win.cc(151)] SuspendThread: Access is denied. (0x5)
[0520/145741.718:ERROR:process_reader_win.cc(123)] NtOpenThread: {Access Denied} A process has requested access to an object, but has not been granted those access rights. (0xc0000022)
[0520/145741.718:ERROR:exception_snapshot_win.cc(98)] thread ID 60004 not found in process
[0520/145741.730:ERROR:process_reader_win.cc(151)] SuspendThread: Access is denied. (0x5)
[0520/145741.730:ERROR:process_reader_win.cc(151)] SuspendThread: Access is denied. (0x5)
[0520/145741.730:ERROR:process_reader_win.cc(151)] SuspendThread: Access is denied. (0x5)
[0520/145741.730:ERROR:process_reader_win.cc(151)] SuspendThread: Access is denied. (0x5)
[0520/145741.730:ERROR:process_reader_win.cc(151)] SuspendThread: Access is denied. (0x5)
[0520/145741.730:ERROR:process_reader_win.cc(151)] SuspendThread: Access is denied. (0x5)
[0520/145741.730:ERROR:process_reader_win.cc(151)] SuspendThread: Access is denied. (0x5)
[0520/145741.730:ERROR:process_reader_win.cc(151)] SuspendThread: Access is denied. (0x5)
[0520/145741.730:ERROR:process_reader_win.cc(151)] SuspendThread: Access is denied. (0x5)
[0520/145741.730:ERROR:process_reader_win.cc(151)] SuspendThread: Access is denied. (0x5)
[0520/145741.730:ERROR:process_reader_win.cc(151)] SuspendThread: Access is denied. (0x5)
[0520/145741.730:ERROR:process_reader_win.cc(151)] SuspendThread: Access is denied. (0x5)
[0520/145741.730:ERROR:process_reader_win.cc(123)] NtOpenThread: {Access Denied} A process has requested access to an object, but has not been granted those access rights. (0xc0000022)
[0520/145741.730:ERROR:exception_snapshot_win.cc(98)] thread ID 48832 not found in process
[0520/145741.742:ERROR:process_reader_win.cc(151)] SuspendThread: Access is denied. (0x5)
[0520/145741.742:ERROR:process_reader_win.cc(151)] SuspendThread: Access is denied. (0x5)
[0520/145741.742:ERROR:process_reader_win.cc(151)] SuspendThread: Access is denied. (0x5)
[0520/145741.742:ERROR:process_reader_win.cc(151)] SuspendThread: Access is denied. (0x5)
[0520/145741.742:ERROR:process_reader_win.cc(151)] SuspendThread: Access is denied. (0x5)
[0520/145741.742:ERROR:process_reader_win.cc(151)] SuspendThread: Access is denied. (0x5)
[0520/145741.742:ERROR:process_reader_win.cc(151)] SuspendThread: Access is denied. (0x5)
[0520/145741.742:ERROR:process_reader_win.cc(151)] SuspendThread: Access is denied. (0x5)
[0520/145741.742:ERROR:process_reader_win.cc(151)] SuspendThread: Access is denied. (0x5)
[0520/145741.742:ERROR:process_reader_win.cc(151)] SuspendThread: Access is denied. (0x5)
[0520/145741.742:ERROR:process_reader_win.cc(151)] SuspendThread: Access is denied. (0x5)
[0520/145741.742:ERROR:process_reader_win.cc(123)] NtOpenThread: {Access Denied} A process has requested access to an object, but has not been granted those access rights. (0xc0000022)
[0520/145741.742:ERROR:exception_snapshot_win.cc(98)] thread ID 46560 not found in process
[0520/145741.786:ERROR:process_reader_win.cc(151)] SuspendThread: Access is denied. (0x5)
[0520/145741.786:ERROR:process_reader_win.cc(151)] SuspendThread: Access is denied. (0x5)
[0520/145741.786:ERROR:process_reader_win.cc(123)] NtOpenThread: {Access Denied} A process has requested access to an object, but has not been granted those access rights. (0xc0000022)
[0520/145741.786:ERROR:exception_snapshot_win.cc(98)] thread ID 34384 not found in process
[0520/145741.858:ERROR:process_reader_win.cc(151)] SuspendThread: Access is denied. (0x5)
[0520/145741.858:ERROR:process_reader_win.cc(151)] SuspendThread: Access is denied. (0x5)
[0520/145741.858:ERROR:process_reader_win.cc(151)] SuspendThread: Access is denied. (0x5)
[0520/145741.858:ERROR:process_reader_win.cc(151)] SuspendThread: Access is denied. (0x5)
[0520/145741.858:ERROR:process_reader_win.cc(151)] SuspendThread: Access is denied. (0x5)
[0520/145741.858:ERROR:process_reader_win.cc(151)] SuspendThread: Access is denied. (0x5)
[0520/145741.858:ERROR:process_reader_win.cc(151)] SuspendThread: Access is denied. (0x5)
[0520/145741.858:ERROR:process_reader_win.cc(151)] SuspendThread: Access is denied. (0x5)
[0520/145741.858:ERROR:process_reader_win.cc(151)] SuspendThread: Access is denied. (0x5)
[0520/145741.858:ERROR:process_reader_win.cc(151)] SuspendThread: Access is denied. (0x5)
[0520/145741.858:ERROR:process_reader_win.cc(151)] SuspendThread: Access is denied. (0x5)
[0520/145741.858:ERROR:process_reader_win.cc(151)] SuspendThread: Access is denied. (0x5)
[0520/145741.858:ERROR:process_reader_win.cc(151)] SuspendThread: Access is denied. (0x5)
[0520/145741.858:ERROR:process_reader_win.cc(151)] SuspendThread: Access is denied. (0x5)
[0520/145741.858:ERROR:process_reader_win.cc(151)] SuspendThread: Access is denied. (0x5)
[0520/145741.858:ERROR:process_reader_win.cc(151)] SuspendThread: Access is denied. (0x5)
[0520/145741.858:ERROR:process_reader_win.cc(151)] SuspendThread: Access is denied. (0x5)
[0520/145741.858:ERROR:process_reader_win.cc(151)] SuspendThread: Access is denied. (0x5)
[0520/145741.858:ERROR:process_reader_win.cc(151)] SuspendThread: Access is denied. (0x5)
[0520/145741.858:ERROR:process_reader_win.cc(123)] NtOpenThread: {Access Denied} A process has requested access to an object, but has not been granted those access rights. (0xc0000022)
[0520/145741.858:ERROR:exception_snapshot_win.cc(98)] thread ID 9996 not found in process
[0520/145741.878:ERROR:process_reader_win.cc(151)] SuspendThread: Access is denied. (0x5)
[0520/145741.878:ERROR:process_reader_win.cc(151)] SuspendThread: Access is denied. (0x5)
[0520/145741.878:ERROR:process_reader_win.cc(151)] SuspendThread: Access is denied. (0x5)
[0520/145741.878:ERROR:process_reader_win.cc(151)] SuspendThread: Access is denied. (0x5)
[0520/145741.878:ERROR:process_reader_win.cc(151)] SuspendThread: Access is denied. (0x5)
[0520/145741.878:ERROR:process_reader_win.cc(151)] SuspendThread: Access is denied. (0x5)
[0520/145741.878:ERROR:process_reader_win.cc(151)] SuspendThread: Access is denied. (0x5)
[0520/145741.878:ERROR:process_reader_win.cc(151)] SuspendThread: Access is denied. (0x5)
[0520/145741.878:ERROR:process_reader_win.cc(151)] SuspendThread: Access is denied. (0x5)
[0520/145741.878:ERROR:process_reader_win.cc(151)] SuspendThread: Access is denied. (0x5)
[0520/145741.878:ERROR:process_reader_win.cc(151)] SuspendThread: Access is denied. (0x5)
[0520/145741.878:ERROR:process_reader_win.cc(151)] SuspendThread: Access is denied. (0x5)
[0520/145741.878:ERROR:process_reader_win.cc(151)] SuspendThread: Access is denied. (0x5)
[0520/145741.878:ERROR:process_reader_win.cc(123)] NtOpenThread: {Access Denied} A process has requested access to an object, but has not been granted those access rights. (0xc0000022)
[0520/145741.878:ERROR:exception_snapshot_win.cc(98)] thread ID 60884 not found in process
[0520/145741.894:ERROR:process_reader_win.cc(151)] SuspendThread: Access is denied. (0x5)
[0520/145741.894:ERROR:process_reader_win.cc(151)] SuspendThread: Access is denied. (0x5)
[0520/145741.894:ERROR:process_reader_win.cc(151)] SuspendThread: Access is denied. (0x5)
[0520/145741.894:ERROR:process_reader_win.cc(151)] SuspendThread: Access is denied. (0x5)
[0520/145741.894:ERROR:process_reader_win.cc(151)] SuspendThread: Access is denied. (0x5)
[0520/145741.894:ERROR:process_reader_win.cc(151)] SuspendThread: Access is denied. (0x5)
[0520/145741.894:ERROR:process_reader_win.cc(151)] SuspendThread: Access is denied. (0x5)
[0520/145741.894:ERROR:process_reader_win.cc(151)] SuspendThread: Access is denied. (0x5)
[0520/145741.894:ERROR:process_reader_win.cc(151)] SuspendThread: Access is denied. (0x5)
[0520/145741.894:ERROR:process_reader_win.cc(151)] SuspendThread: Access is denied. (0x5)
[0520/145741.894:ERROR:process_reader_win.cc(151)] SuspendThread: Access is denied. (0x5)
[0520/145741.894:ERROR:process_reader_win.cc(151)] SuspendThread: Access is denied. (0x5)
[0520/145741.894:ERROR:process_reader_win.cc(151)] SuspendThread: Access is denied. (0x5)
[0520/145741.894:ERROR:process_reader_win.cc(123)] NtOpenThread: {Access Denied} A process has requested access to an object, but has not been granted those access rights. (0xc0000022)
[0520/145741.894:ERROR:exception_snapshot_win.cc(98)] thread ID 54164 not found in process
[0520/145741.894:ERROR:process_reader_win.cc(151)] SuspendThread: Access is denied. (0x5)
[0520/145741.894:ERROR:process_reader_win.cc(151)] SuspendThread: Access is denied. (0x5)
[0520/145741.894:ERROR:process_reader_win.cc(151)] SuspendThread: Access is denied. (0x5)
[0520/145741.894:ERROR:process_reader_win.cc(151)] SuspendThread: Access is denied. (0x5)
[0520/145741.894:ERROR:process_reader_win.cc(151)] SuspendThread: Access is denied. (0x5)
[0520/145741.894:ERROR:process_reader_win.cc(151)] SuspendThread: Access is denied. (0x5)
[0520/145741.894:ERROR:process_reader_win.cc(151)] SuspendThread: Access is denied. (0x5)
[0520/145741.894:ERROR:process_reader_win.cc(151)] SuspendThread: Access is denied. (0x5)
[0520/145741.894:ERROR:process_reader_win.cc(151)] SuspendThread: Access is denied. (0x5)
[0520/145741.894:ERROR:process_reader_win.cc(151)] SuspendThread: Access is denied. (0x5)
[0520/145741.894:ERROR:process_reader_win.cc(151)] SuspendThread: Access is denied. (0x5)
[0520/145741.894:ERROR:process_reader_win.cc(151)] SuspendThread: Access is denied. (0x5)
[0520/145741.894:ERROR:process_reader_win.cc(151)] SuspendThread: Access is denied. (0x5)
[0520/145741.894:ERROR:process_reader_win.cc(123)] NtOpenThread: {Access Denied} A process has requested access to an object, but has not been granted those access rights. (0xc0000022)
[0520/145741.894:ERROR:exception_snapshot_win.cc(98)] thread ID 33924 not found in process
[0520/145741.930:ERROR:process_reader_win.cc(151)] SuspendThread: Access is denied. (0x5)
[0520/145741.930:ERROR:process_reader_win.cc(151)] SuspendThread: Access is denied. (0x5)
[0520/145741.930:ERROR:process_reader_win.cc(151)] SuspendThread: Access is denied. (0x5)
[0520/145741.930:ERROR:process_reader_win.cc(151)] SuspendThread: Access is denied. (0x5)
[0520/145741.930:ERROR:process_reader_win.cc(151)] SuspendThread: Access is denied. (0x5)
[0520/145741.930:ERROR:process_reader_win.cc(151)] SuspendThread: Access is denied. (0x5)
[0520/145741.930:ERROR:process_reader_win.cc(151)] SuspendThread: Access is denied. (0x5)
[0520/145741.930:ERROR:process_reader_win.cc(151)] SuspendThread: Access is denied. (0x5)
[0520/145741.930:ERROR:process_reader_win.cc(151)] SuspendThread: Access is denied. (0x5)
[0520/145741.930:ERROR:process_reader_win.cc(151)] SuspendThread: Access is denied. (0x5)
[0520/145741.930:ERROR:process_reader_win.cc(151)] SuspendThread: Access is denied. (0x5)
[0520/145741.930:ERROR:process_reader_win.cc(151)] SuspendThread: Access is denied. (0x5)
[0520/145741.930:ERROR:process_reader_win.cc(151)] SuspendThread: Access is denied. (0x5)
[0520/145741.930:ERROR:process_reader_win.cc(151)] SuspendThread: Access is denied. (0x5)
[0520/145741.930:ERROR:process_reader_win.cc(151)] SuspendThread: Access is denied. (0x5)
[0520/145741.930:ERROR:process_reader_win.cc(123)] NtOpenThread: {Access Denied} A process has requested access to an object, but has not been granted those access rights. (0xc0000022)
[0520/145741.930:ERROR:exception_snapshot_win.cc(98)] thread ID 31824 not found in process
[0520/145741.938:ERROR:process_reader_win.cc(151)] SuspendThread: Access is denied. (0x5)
[0520/145741.938:ERROR:process_reader_win.cc(151)] SuspendThread: Access is denied. (0x5)
[0520/145741.938:ERROR:process_reader_win.cc(151)] SuspendThread: Access is denied. (0x5)
[0520/145741.938:ERROR:process_reader_win.cc(151)] SuspendThread: Access is denied. (0x5)
[0520/145741.938:ERROR:process_reader_win.cc(151)] SuspendThread: Access is denied. (0x5)
[0520/145741.938:ERROR:process_reader_win.cc(151)] SuspendThread: Access is denied. (0x5)
[0520/145741.938:ERROR:process_reader_win.cc(151)] SuspendThread: Access is denied. (0x5)
[0520/145741.938:ERROR:process_reader_win.cc(151)] SuspendThread: Access is denied. (0x5)
[0520/145741.938:ERROR:process_reader_win.cc(151)] SuspendThread: Access is denied. (0x5)
[0520/145741.938:ERROR:process_reader_win.cc(151)] SuspendThread: Access is denied. (0x5)
[0520/145741.938:ERROR:process_reader_win.cc(151)] SuspendThread: Access is denied. (0x5)
[0520/145741.938:ERROR:process_reader_win.cc(151)] SuspendThread: Access is denied. (0x5)
[0520/145741.938:ERROR:process_reader_win.cc(151)] SuspendThread: Access is denied. (0x5)
[0520/145741.938:ERROR:process_reader_win.cc(151)] SuspendThread: Access is denied. (0x5)
[0520/145741.938:ERROR:process_reader_win.cc(151)] SuspendThread: Access is denied. (0x5)
[0520/145741.938:ERROR:process_reader_win.cc(151)] SuspendThread: Access is denied. (0x5)
[0520/145741.938:ERROR:process_reader_win.cc(151)] SuspendThread: Access is denied. (0x5)
[0520/145741.938:ERROR:process_reader_win.cc(151)] SuspendThread: Access is denied. (0x5)
[0520/145741.938:ERROR:process_reader_win.cc(151)] SuspendThread: Access is denied. (0x5)
[0520/145741.938:ERROR:process_reader_win.cc(151)] SuspendThread: Access is denied. (0x5)
[0520/145741.938:ERROR:process_reader_win.cc(123)] NtOpenThread: {Access Denied} A process has requested access to an object, but has not been granted those access rights. (0xc0000022)
[0520/145741.938:ERROR:process_reader_win.cc(151)] SuspendThread: Access is denied. (0x5)
[0520/145741.938:ERROR:exception_snapshot_win.cc(98)] thread ID 36336 not found in process
[0520/145741.938:ERROR:process_reader_win.cc(151)] SuspendThread: Access is denied. (0x5)
[0520/145741.938:ERROR:process_reader_win.cc(151)] SuspendThread: Access is denied. (0x5)
[0520/145741.938:ERROR:process_reader_win.cc(151)] SuspendThread: Access is denied. (0x5)
[0520/145741.938:ERROR:process_reader_win.cc(151)] SuspendThread: Access is denied. (0x5)
[0520/145741.938:ERROR:process_reader_win.cc(151)] SuspendThread: Access is denied. (0x5)
[0520/145741.938:ERROR:process_reader_win.cc(151)] SuspendThread: Access is denied. (0x5)
[0520/145741.938:ERROR:process_reader_win.cc(151)] SuspendThread: Access is denied. (0x5)
[0520/145741.938:ERROR:process_reader_win.cc(151)] SuspendThread: Access is denied. (0x5)
[0520/145741.938:ERROR:process_reader_win.cc(151)] SuspendThread: Access is denied. (0x5)
[0520/145741.938:ERROR:process_reader_win.cc(151)] SuspendThread: Access is denied. (0x5)
[0520/145741.938:ERROR:process_reader_win.cc(123)] NtOpenThread: {Access Denied} A process has requested access to an object, but has not been granted those access rights. (0xc0000022)
[0520/145741.938:ERROR:exception_snapshot_win.cc(98)] thread ID 35232 not found in process
[0527/131719.924:ERROR:process_reader_win.cc(151)] SuspendThread: Access is denied. (0x5)
[0527/131719.927:ERROR:exception_snapshot_win.cc(98)] thread ID 23408 not found in process
[0527/131719.927:ERROR:scoped_process_suspend.cc(40)] NtResumeProcess: An attempt was made to access an exiting process. (0xc000010a)
[1207/210310.655:ERROR:directory_reader_win.cc(43)] FindFirstFile: The system cannot find the path specified. (0x3)
[1207/211837.270:ERROR:directory_reader_win.cc(43)] FindFirstFile: The system cannot find the path specified. (0x3)
[1208/120815.938:ERROR:directory_reader_win.cc(43)] FindFirstFile: The system cannot find the path specified. (0x3)
[1208/123911.254:ERROR:directory_reader_win.cc(43)] FindFirstFile: The system cannot find the path specified. (0x3)
[1208/133247.708:ERROR:directory_reader_win.cc(43)] FindFirstFile: The system cannot find the path specified. (0x3)
[1208/135403.208:ERROR:directory_reader_win.cc(43)] FindFirstFile: The system cannot find the path specified. (0x3)
[1209/124412.360:ERROR:directory_reader_win.cc(43)] FindFirstFile: The system cannot find the path specified. (0x3)
[1209/124510.332:ERROR:directory_reader_win.cc(43)] FindFirstFile: The system cannot find the path specified. (0x3)
[1209/124632.309:ERROR:directory_reader_win.cc(43)] FindFirstFile: The system cannot find the path specified. (0x3)
[1209/124712.202:ERROR:directory_reader_win.cc(43)] FindFirstFile: The system cannot find the path specified. (0x3)
[1209/130828.777:ERROR:directory_reader_win.cc(43)] FindFirstFile: The system cannot find the path specified. (0x3)
[1209/130925.323:ERROR:directory_reader_win.cc(43)] FindFirstFile: The system cannot find the path specified. (0x3)
[1209/132924.717:ERROR:directory_reader_win.cc(43)] FindFirstFile: The system cannot find the path specified. (0x3)
[1209/133215.033:ERROR:directory_reader_win.cc(43)] FindFirstFile: The system cannot find the path specified. (0x3)
[1209/135529.718:ERROR:directory_reader_win.cc(43)] FindFirstFile: The system cannot find the path specified. (0x3)
[1209/143531.091:ERROR:directory_reader_win.cc(43)] FindFirstFile: The system cannot find the path specified. (0x3)
[1209/143723.395:ERROR:directory_reader_win.cc(43)] FindFirstFile: The system cannot find the path specified. (0x3)
[1209/143819.044:ERROR:directory_reader_win.cc(43)] FindFirstFile: The system cannot find the path specified. (0x3)
[1209/152113.113:ERROR:directory_reader_win.cc(43)] FindFirstFile: The system cannot find the path specified. (0x3)
[1209/173731.434:ERROR:directory_reader_win.cc(43)] FindFirstFile: The system cannot find the path specified. (0x3)
[1210/132056.856:ERROR:directory_reader_win.cc(43)] FindFirstFile: The system cannot find the path specified. (0x3)
[1210/133224.008:ERROR:directory_reader_win.cc(43)] FindFirstFile: The system cannot find the path specified. (0x3)
[1210/155229.000:ERROR:directory_reader_win.cc(43)] FindFirstFile: The system cannot find the path specified. (0x3)
[1210/172154.697:ERROR:directory_reader_win.cc(43)] FindFirstFile: The system cannot find the path specified. (0x3)
[1210/182403.614:ERROR:directory_reader_win.cc(43)] FindFirstFile: The system cannot find the path specified. (0x3)
[1210/182444.369:ERROR:directory_reader_win.cc(43)] FindFirstFile: The system cannot find the path specified. (0x3)
[1210/182632.705:ERROR:directory_reader_win.cc(43)] FindFirstFile: The system cannot find the path specified. (0x3)
[1210/184033.556:ERROR:directory_reader_win.cc(43)] FindFirstFile: The system cannot find the path specified. (0x3)
[1210/184108.234:ERROR:directory_reader_win.cc(43)] FindFirstFile: The system cannot find the path specified. (0x3)
[1210/184349.226:ERROR:directory_reader_win.cc(43)] FindFirstFile: The system cannot find the path specified. (0x3)
[1211/134523.096:ERROR:directory_reader_win.cc(43)] FindFirstFile: The system cannot find the path specified. (0x3)
[1211/134559.207:ERROR:directory_reader_win.cc(43)] FindFirstFile: The system cannot find the path specified. (0x3)
